<?xml version="1.0" encoding="UTF-8"?>
<testsuite xmlns:xsi="http://www.w3.org/2001/XMLSchema-instance" xsi:noNamespaceSchemaLocation="https://maven.apache.org/surefire/maven-surefire-plugin/xsd/surefire-test-report-3.0.xsd" version="3.0" name="bf.gov.mtdpce.ExplicitMessageIntegrationTest" time="15.66" tests="4" errors="0" skipped="0" failures="0">
  <properties>
[...]
</properties>
  <testcase name="publicSuccess_hasExplicitMessage" classname="bf.gov.mtdpce.ExplicitMessageIntegrationTest" time="1.269">
    <system-out><![CDATA[11:15:21.648 [main] INFO org.springframework.test.context.support.AnnotationConfigContextLoaderUtils -- Could not detect default configuration classes for test class [bf.gov.mtdpce.ExplicitMessageIntegrationTest]: ExplicitMessageIntegrationTest does not declare any static, non-private, non-final, nested classes annotated with @Configuration.
11:15:21.872 [main] INFO org.springframework.boot.test.context.SpringBootTestContextBootstrapper -- Found @SpringBootConfiguration bf.gov.mtdpce.MtdpceApplication for test class bf.gov.mtdpce.ExplicitMessageIntegrationTest
11:15:22.087 [main] INFO org.springframework.boot.devtools.restart.RestartApplicationListener -- Restart disabled due to context in which it is running

  .   ____          _            __ _ _
 /\\ / ___'_ __ _ _(_)_ __  __ _ \ \ \ \
( ( )\___ | '_ | '_| | '_ \/ _` | \ \ \ \
 \\/  ___)| |_)| | | | | || (_| |  ) ) ) )
  '  |____| .__|_| |_|_| |_\__, | / / / /
 =========|_|==============|___/=/_/_/_/
 :: Spring Boot ::                (v3.2.2)

2026-07-05T11:15:22.486Z  INFO 93219 --- [mtdpce-api] [           main] b.g.m.ExplicitMessageIntegrationTest     : Starting ExplicitMessageIntegrationTest using Java 17.0.12 with PID 93219 (started by severindembele in /Users/severindembele/Desktop/CodePool2025/site_type_ministere/MTDPCE/backendMTDPCE)
2026-07-05T11:15:22.488Z DEBUG 93219 --- [mtdpce-api] [           main] b.g.m.ExplicitMessageIntegrationTest     : Running with Spring Boot v3.2.2, Spring v6.1.3
2026-07-05T11:15:22.489Z  INFO 93219 --- [mtdpce-api] [           main] b.g.m.ExplicitMessageIntegrationTest     : No active profile set, falling back to 1 default profile: "default"
2026-07-05T11:15:23.988Z  INFO 93219 --- [mtdpce-api] [           main] .s.d.r.c.RepositoryConfigurationDelegate : Bootstrapping Spring Data JPA repositories in DEFAULT mode.
2026-07-05T11:15:24.237Z  INFO 93219 --- [mtdpce-api] [           main] .s.d.r.c.RepositoryConfigurationDelegate : Finished Spring Data repository scanning in 233 ms. Found 36 JPA repository interfaces.
2026-07-05T11:15:25.168Z  INFO 93219 --- [mtdpce-api] [           main] o.hibernate.jpa.internal.util.LogHelper  : HHH000204: Processing PersistenceUnitInfo [name: default]
2026-07-05T11:15:25.240Z  INFO 93219 --- [mtdpce-api] [           main] org.hibernate.Version                    : HHH000412: Hibernate ORM core version 6.4.1.Final
2026-07-05T11:15:25.282Z  INFO 93219 --- [mtdpce-api] [           main] o.h.c.internal.RegionFactoryInitiator    : HHH000026: Second-level cache disabled
2026-07-05T11:15:25.580Z  INFO 93219 --- [mtdpce-api] [           main] o.s.o.j.p.SpringPersistenceUnitInfo      : No LoadTimeWeaver setup: ignoring JPA class transformer
2026-07-05T11:15:25.618Z  INFO 93219 --- [mtdpce-api] [           main] com.zaxxer.hikari.HikariDataSource       : HikariPool-1 - Starting...
2026-07-05T11:15:25.773Z  INFO 93219 --- [mtdpce-api] [           main] com.zaxxer.hikari.pool.HikariPool        : HikariPool-1 - Added connection org.postgresql.jdbc.PgConnection@8d810f2
2026-07-05T11:15:25.775Z  INFO 93219 --- [mtdpce-api] [           main] com.zaxxer.hikari.HikariDataSource       : HikariPool-1 - Start completed.
2026-07-05T11:15:25.814Z  WARN 93219 --- [mtdpce-api] [           main] org.hibernate.orm.deprecation            : HHH90000025: PostgreSQLDialect does not need to be specified explicitly using 'hibernate.dialect' (remove the property setting and it will be selected by default)
2026-07-05T11:15:27.975Z  INFO 93219 --- [mtdpce-api] [           main] o.h.e.t.j.p.i.JtaPlatformInitiator       : HHH000489: No JTA platform available (set 'hibernate.transaction.jta.platform' to enable JTA platform integration)
2026-07-05T11:15:28.537Z  INFO 93219 --- [mtdpce-api] [           main] j.LocalContainerEntityManagerFactoryBean : Initialized JPA EntityManagerFactory for persistence unit 'default'
2026-07-05T11:15:29.022Z  INFO 93219 --- [mtdpce-api] [           main] o.s.d.j.r.query.QueryEnhancerFactory     : Hibernate is in classpath; If applicable, HQL parser will be used.
2026-07-05T11:15:33.062Z  WARN 93219 --- [mtdpce-api] [           main] JpaBaseConfiguration$JpaWebConfiguration : spring.jpa.open-in-view is enabled by default. Therefore, database queries may be performed during view rendering. Explicitly configure spring.jpa.open-in-view to disable this warning
2026-07-05T11:15:33.152Z DEBUG 93219 --- [mtdpce-api] [           main] o.s.s.a.h.RoleHierarchyImpl              : setHierarchy() - The following role hierarchy was set: ROLE_SUPER_ADMIN > ROLE_ADMIN
ROLE_ADMIN > ROLE_MODERATOR
ROLE_MODERATOR > ROLE_USER
2026-07-05T11:15:33.152Z DEBUG 93219 --- [mtdpce-api] [           main] o.s.s.a.h.RoleHierarchyImpl              : buildRolesReachableInOneStepMap() - From role ROLE_SUPER_ADMIN one can reach role ROLE_ADMIN in one step.
2026-07-05T11:15:33.152Z DEBUG 93219 --- [mtdpce-api] [           main] o.s.s.a.h.RoleHierarchyImpl              : buildRolesReachableInOneStepMap() - From role ROLE_ADMIN one can reach role ROLE_MODERATOR in one step.
2026-07-05T11:15:33.153Z DEBUG 93219 --- [mtdpce-api] [           main] o.s.s.a.h.RoleHierarchyImpl              : buildRolesReachableInOneStepMap() - From role ROLE_MODERATOR one can reach role ROLE_USER in one step.
2026-07-05T11:15:33.153Z DEBUG 93219 --- [mtdpce-api] [           main] o.s.s.a.h.RoleHierarchyImpl              : buildRolesReachableInOneOrMoreStepsMap() - From role ROLE_ADMIN one can reach [ROLE_USER, ROLE_MODERATOR] in one or more steps.
2026-07-05T11:15:33.153Z DEBUG 93219 --- [mtdpce-api] [           main] o.s.s.a.h.RoleHierarchyImpl              : buildRolesReachableInOneOrMoreStepsMap() - From role ROLE_MODERATOR one can reach [ROLE_USER] in one or more steps.
2026-07-05T11:15:33.153Z DEBUG 93219 --- [mtdpce-api] [           main] o.s.s.a.h.RoleHierarchyImpl              : buildRolesReachableInOneOrMoreStepsMap() - From role ROLE_SUPER_ADMIN one can reach [ROLE_USER, ROLE_ADMIN, ROLE_MODERATOR] in one or more steps.
2026-07-05T11:15:33.731Z  INFO 93219 --- [mtdpce-api] [           main] o.s.s.web.DefaultSecurityFilterChain     : Will secure any request with [org.springframework.security.web.session.DisableEncodeUrlFilter@21d53cfd, org.springframework.security.web.context.request.async.WebAsyncManagerIntegrationFilter@59acd373, org.springframework.security.web.context.SecurityContextHolderFilter@1b4db716, org.springframework.security.web.header.HeaderWriterFilter@1892f2ad, org.springframework.web.filter.CorsFilter@3c0790ed, org.springframework.security.web.authentication.logout.LogoutFilter@45f668da, bf.gov.mtdpce.security.AuthTokenFilter@535d6165, bf.gov.mtdpce.security.RateLimitingFilter@334ec94d, org.springframework.security.web.savedrequest.RequestCacheAwareFilter@6c9837e0, org.springframework.security.web.servletapi.SecurityContextHolderAwareRequestFilter@51561b18, org.springframework.security.web.authentication.AnonymousAuthenticationFilter@3bf4390d, org.springframework.security.web.session.SessionManagementFilter@40fd9204, org.springframework.security.web.access.ExceptionTranslationFilter@1a8f644c, org.springframework.security.web.access.intercept.AuthorizationFilter@3e3b6ead]
2026-07-05T11:15:34.473Z DEBUG 93219 --- [mtdpce-api] [           main] bf.gov.mtdpce.security.AuthTokenFilter   : Filter 'authenticationJwtTokenFilter' configured for use
2026-07-05T11:15:34.475Z  INFO 93219 --- [mtdpce-api] [           main] o.s.b.t.m.w.SpringBootMockServletContext : Initializing Spring TestDispatcherServlet ''
2026-07-05T11:15:34.476Z  INFO 93219 --- [mtdpce-api] [           main] o.s.t.web.servlet.TestDispatcherServlet  : Initializing Servlet ''
2026-07-05T11:15:34.479Z  INFO 93219 --- [mtdpce-api] [           main] o.s.t.web.servlet.TestDispatcherServlet  : Completed initialization in 3 ms
2026-07-05T11:15:34.527Z  INFO 93219 --- [mtdpce-api] [           main] b.g.m.ExplicitMessageIntegrationTest     : Started ExplicitMessageIntegrationTest in 12.451 seconds (process running for 13.961)
Hibernate: 
    select
        count(*) 
    from
        mtdpce.roles r1_0
Hibernate: 
    select
        count(*) 
    from
        mtdpce.users u1_0
Hibernate: 
    select
        count(*) 
    from
        mtdpce.themes t1_0
Hibernate: 
    select
        count(*) 
    from
        mtdpce.ministere m1_0
Hibernate: 
    select
        m1_0.id,
        m1_0.acronyme,
        m1_0.created_at,
        m1_0.image,
        m1_0.logo,
        m1_0.mission_general,
        m1_0.nom_general,
        m1_0.nom_reel,
        m1_0.presentation_globale,
        m1_0.presentation_synthetique,
        m1_0.updated_at 
    from
        mtdpce.ministere m1_0
Hibernate: 
    select
        count(*) 
    from
        mtdpce.domaines d1_0
Hibernate: 
    select
        d1_0.id,
        d1_0.nom 
    from
        mtdpce.domaines d1_0
Hibernate: 
    select
        count(*) 
    from
        mtdpce.ministre m1_0
Hibernate: 
    select
        count(*) 
    from
        mtdpce.missions m1_0
Hibernate: 
    select
        count(*) 
    from
        mtdpce.structures s1_0
Hibernate: 
    select
        count(*) 
    from
        mtdpce.structure_rattaches sr1_0
Hibernate: 
    select
        count(*) 
    from
        mtdpce.statistiques sp1_0
Hibernate: 
    select
        count(*) 
    from
        mtdpce.page_visits pv1_0
Hibernate: 
    select
        count(*) 
    from
        mtdpce.article_categories ac1_0
Hibernate: 
    select
        count(*) 
    from
        mtdpce.services s1_0
Hibernate: 
    select
        count(*) 
    from
        mtdpce.articles a1_0
Hibernate: 
    select
        count(*) 
    from
        mtdpce.projects p1_0
Hibernate: 
    select
        count(*) 
    from
        mtdpce.documents d1_0
Hibernate: 
    select
        d1_0.id,
        d1_0.category,
        d1_0.created_at,
        d1_0.description,
        d1_0.download_count,
        d1_0.file_name,
        d1_0.file_path,
        d1_0.file_size,
        d1_0.file_type,
        d1_0.is_public,
        d1_0.title,
        d1_0.type_id,
        d1_0.typedocument,
        d1_0.updated_at,
        d1_0.uploaded_by 
    from
        mtdpce.documents d1_0
Hibernate: 
    select
        count(*) 
    from
        mtdpce.events e1_0
Hibernate: 
    select
        count(*) 
    from
        mtdpce.faqs f1_0
Hibernate: 
    select
        count(*) 
    from
        mtdpce.e_services e1_0
Hibernate: 
    select
        count(*) 
    from
        mtdpce.flash_infos fi1_0
Hibernate: 
    select
        count(*) 
    from
        mtdpce.banners b1_0
Hibernate: 
    select
        count(*) 
    from
        mtdpce.agenda a1_0
Hibernate: 
    select
        count(*) 
    from
        mtdpce.job_offers jo1_0
Hibernate: 
    select
        count(*) 
    from
        mtdpce.contacts c1_0
Hibernate: 
    select
        count(*) 
    from
        mtdpce.newsletter_subscriptions ns1_0
Hibernate: 
    select
        count(*) 
    from
        mtdpce.albums a1_0
Hibernate: 
    select
        count(*) 
    from
        mtdpce.agenda_images ai1_0
Hibernate: 
    select
        count(*) 
    from
        mtdpce.article_images ai1_0
Hibernate: 
    select
        count(*) 
    from
        mtdpce.facebook_images fi1_0
Hibernate: 
    select
        count(*) 
    from
        mtdpce.facebook_config fc1_0
2026-07-05T11:15:35.670Z DEBUG 93219 --- [mtdpce-api] [           main] o.s.security.web.FilterChainProxy        : Securing GET /api/v1/articles/published
2026-07-05T11:15:35.681Z DEBUG 93219 --- [mtdpce-api] [           main] o.s.s.w.a.AnonymousAuthenticationFilter  : Set SecurityContextHolder to anonymous SecurityContext
2026-07-05T11:15:35.683Z DEBUG 93219 --- [mtdpce-api] [           main] o.s.security.web.FilterChainProxy        : Secured GET /api/v1/articles/published
Hibernate: 
    select
        a1_0.id,
        a1_0.author_id,
        a1_0.category_id,
        a1_0.content,
        a1_0.created_at,
        a1_0.featured,
        a1_0.featured_image,
        a1_0.published_at,
        a1_0.status,
        a1_0.summary,
        a1_0.title,
        a1_0.updated_at,
        a1_0.view_count 
    from
        mtdpce.articles a1_0 
    where
        a1_0.status=? 
    order by
        a1_0.published_at desc 
    offset
        ? rows 
    fetch
        first ? rows only
Hibernate: 
    select
        ac1_0.id,
        ac1_0.code,
        ac1_0.created_at,
        ac1_0.description,
        ac1_0.display_order,
        ac1_0.label,
        ac1_0.updated_at 
    from
        mtdpce.article_categories ac1_0 
    where
        ac1_0.id=?
Hibernate: 
    select
        ac1_0.id,
        ac1_0.code,
        ac1_0.created_at,
        ac1_0.description,
        ac1_0.display_order,
        ac1_0.label,
        ac1_0.updated_at 
    from
        mtdpce.article_categories ac1_0 
    where
        ac1_0.id=?
Hibernate: 
    select
        ac1_0.id,
        ac1_0.code,
        ac1_0.created_at,
        ac1_0.description,
        ac1_0.display_order,
        ac1_0.label,
        ac1_0.updated_at 
    from
        mtdpce.article_categories ac1_0 
    where
        ac1_0.id=?
Hibernate: 
    select
        count(a1_0.id) 
    from
        mtdpce.articles a1_0 
    where
        a1_0.status=?
Hibernate: 
    select
        i1_0.article_id,
        i1_0.id,
        i1_0.image_url,
        i1_0.is_featured 
    from
        mtdpce.article_images i1_0 
    where
        i1_0.article_id=?
Hibernate: 
    select
        if1_0.article_id,
        if1_0.id,
        if1_0.image_url,
        if1_0.is_featured 
    from
        mtdpce.facebook_images if1_0 
    where
        if1_0.article_id=?
Hibernate: 
    select
        u1_0.id,
        u1_0.account_non_locked,
        u1_0.created_at,
        u1_0.department,
        u1_0.email,
        u1_0.enabled,
        u1_0.first_name,
        u1_0.last_login,
        u1_0.last_name,
        u1_0.password,
        u1_0.phone,
        u1_0.position,
        u1_0.profile_image,
        r1_0.user_id,
        r1_1.id,
        r1_1.description,
        r1_1.name,
        u1_0.updated_at,
        u1_0.username 
    from
        mtdpce.users u1_0 
    left join
        mtdpce.user_roles r1_0 
            on u1_0.id=r1_0.user_id 
    left join
        mtdpce.roles r1_1 
            on r1_1.id=r1_0.role_id 
    where
        u1_0.id=?
Hibernate: 
    select
        i1_0.article_id,
        i1_0.id,
        i1_0.image_url,
        i1_0.is_featured 
    from
        mtdpce.article_images i1_0 
    where
        i1_0.article_id=?
Hibernate: 
    select
        if1_0.article_id,
        if1_0.id,
        if1_0.image_url,
        if1_0.is_featured 
    from
        mtdpce.facebook_images if1_0 
    where
        if1_0.article_id=?
Hibernate: 
    select
        i1_0.article_id,
        i1_0.id,
        i1_0.image_url,
        i1_0.is_featured 
    from
        mtdpce.article_images i1_0 
    where
        i1_0.article_id=?
Hibernate: 
    select
        if1_0.article_id,
        if1_0.id,
        if1_0.image_url,
        if1_0.is_featured 
    from
        mtdpce.facebook_images if1_0 
    where
        if1_0.article_id=?
Hibernate: 
    select
        i1_0.article_id,
        i1_0.id,
        i1_0.image_url,
        i1_0.is_featured 
    from
        mtdpce.article_images i1_0 
    where
        i1_0.article_id=?
Hibernate: 
    select
        if1_0.article_id,
        if1_0.id,
        if1_0.image_url,
        if1_0.is_featured 
    from
        mtdpce.facebook_images if1_0 
    where
        if1_0.article_id=?
Hibernate: 
    select
        i1_0.article_id,
        i1_0.id,
        i1_0.image_url,
        i1_0.is_featured 
    from
        mtdpce.article_images i1_0 
    where
        i1_0.article_id=?
Hibernate: 
    select
        if1_0.article_id,
        if1_0.id,
        if1_0.image_url,
        if1_0.is_featured 
    from
        mtdpce.facebook_images if1_0 
    where
        if1_0.article_id=?
Hibernate: 
    select
        i1_0.article_id,
        i1_0.id,
        i1_0.image_url,
        i1_0.is_featured 
    from
        mtdpce.article_images i1_0 
    where
        i1_0.article_id=?
Hibernate: 
    select
        if1_0.article_id,
        if1_0.id,
        if1_0.image_url,
        if1_0.is_featured 
    from
        mtdpce.facebook_images if1_0 
    where
        if1_0.article_id=?
Hibernate: 
    select
        i1_0.article_id,
        i1_0.id,
        i1_0.image_url,
        i1_0.is_featured 
    from
        mtdpce.article_images i1_0 
    where
        i1_0.article_id=?
Hibernate: 
    select
        if1_0.article_id,
        if1_0.id,
        if1_0.image_url,
        if1_0.is_featured 
    from
        mtdpce.facebook_images if1_0 
    where
        if1_0.article_id=?
Hibernate: 
    select
        i1_0.article_id,
        i1_0.id,
        i1_0.image_url,
        i1_0.is_featured 
    from
        mtdpce.article_images i1_0 
    where
        i1_0.article_id=?
Hibernate: 
    select
        if1_0.article_id,
        if1_0.id,
        if1_0.image_url,
        if1_0.is_featured 
    from
        mtdpce.facebook_images if1_0 
    where
        if1_0.article_id=?
Hibernate: 
    select
        i1_0.article_id,
        i1_0.id,
        i1_0.image_url,
        i1_0.is_featured 
    from
        mtdpce.article_images i1_0 
    where
        i1_0.article_id=?
Hibernate: 
    select
        if1_0.article_id,
        if1_0.id,
        if1_0.image_url,
        if1_0.is_featured 
    from
        mtdpce.facebook_images if1_0 
    where
        if1_0.article_id=?
Hibernate: 
    select
        i1_0.article_id,
        i1_0.id,
        i1_0.image_url,
        i1_0.is_featured 
    from
        mtdpce.article_images i1_0 
    where
        i1_0.article_id=?
Hibernate: 
    select
        if1_0.article_id,
        if1_0.id,
        if1_0.image_url,
        if1_0.is_featured 
    from
        mtdpce.facebook_images if1_0 
    where
        if1_0.article_id=?
]]></system-out>
  </testcase>
  <testcase name="unsupportedMediaType_hasExplicitMessage" classname="bf.gov.mtdpce.ExplicitMessageIntegrationTest" time="0.695">
    <system-out><![CDATA[2026-07-05T11:15:36.155Z DEBUG 93219 --- [mtdpce-api] [           main] o.s.security.web.FilterChainProxy        : Securing POST /api/auth/login
2026-07-05T11:15:36.155Z DEBUG 93219 --- [mtdpce-api] [           main] o.s.s.w.a.AnonymousAuthenticationFilter  : Set SecurityContextHolder to anonymous SecurityContext
2026-07-05T11:15:36.156Z DEBUG 93219 --- [mtdpce-api] [           main] o.s.security.web.FilterChainProxy        : Secured POST /api/auth/login
Hibernate: 
    select
        u1_0.id,
        u1_0.account_non_locked,
        u1_0.created_at,
        u1_0.department,
        u1_0.email,
        u1_0.enabled,
        u1_0.first_name,
        u1_0.last_login,
        u1_0.last_name,
        u1_0.password,
        u1_0.phone,
        u1_0.position,
        u1_0.profile_image,
        u1_0.updated_at,
        u1_0.username 
    from
        mtdpce.users u1_0 
    where
        u1_0.username=?
Hibernate: 
    select
        r1_0.user_id,
        r1_1.id,
        r1_1.description,
        r1_1.name 
    from
        mtdpce.user_roles r1_0 
    join
        mtdpce.roles r1_1 
            on r1_1.id=r1_0.role_id 
    where
        r1_0.user_id=?
2026-07-05T11:15:36.613Z DEBUG 93219 --- [mtdpce-api] [           main] o.s.s.a.dao.DaoAuthenticationProvider    : Authenticated user
2026-07-05T11:15:36.755Z DEBUG 93219 --- [mtdpce-api] [           main] o.s.security.web.FilterChainProxy        : Securing POST /api/v1/services
Hibernate: 
    update
        mtdpce.users 
    set
        account_non_locked=?,
        department=?,
        email=?,
        enabled=?,
        first_name=?,
        last_login=?,
        last_name=?,
        password=?,
        phone=?,
        position=?,
        profile_image=?,
        updated_at=?,
        username=? 
    where
        id=?
Hibernate: 
    select
        u1_0.id,
        u1_0.account_non_locked,
        u1_0.created_at,
        u1_0.department,
        u1_0.email,
        u1_0.enabled,
        u1_0.first_name,
        u1_0.last_login,
        u1_0.last_name,
        u1_0.password,
        u1_0.phone,
        u1_0.position,
        u1_0.profile_image,
        u1_0.updated_at,
        u1_0.username 
    from
        mtdpce.users u1_0 
    where
        u1_0.username=?
2026-07-05T11:15:36.829Z DEBUG 93219 --- [mtdpce-api] [           main] o.s.security.web.FilterChainProxy        : Secured POST /api/v1/services
]]></system-out>
  </testcase>
  <testcase name="notFound_hasExplicitMessage" classname="bf.gov.mtdpce.ExplicitMessageIntegrationTest" time="0.02">
    <system-out><![CDATA[2026-07-05T11:15:36.851Z DEBUG 93219 --- [mtdpce-api] [           main] o.s.security.web.FilterChainProxy        : Securing GET /api/v1/domaines/c3d43150-6a4e-4bea-9dcf-541c3caec1d0
2026-07-05T11:15:36.852Z DEBUG 93219 --- [mtdpce-api] [           main] o.s.s.w.a.AnonymousAuthenticationFilter  : Set SecurityContextHolder to anonymous SecurityContext
2026-07-05T11:15:36.853Z DEBUG 93219 --- [mtdpce-api] [           main] o.s.security.web.FilterChainProxy        : Secured GET /api/v1/domaines/c3d43150-6a4e-4bea-9dcf-541c3caec1d0
Hibernate: 
    select
        d1_0.id,
        d1_0.nom 
    from
        mtdpce.domaines d1_0 
    where
        d1_0.id=?
]]></system-out>
  </testcase>
  <testcase name="validationError_hasExplicitMessage" classname="bf.gov.mtdpce.ExplicitMessageIntegrationTest" time="0.209">
    <system-out><![CDATA[2026-07-05T11:15:36.872Z DEBUG 93219 --- [mtdpce-api] [           main] o.s.security.web.FilterChainProxy        : Securing POST /api/auth/login
2026-07-05T11:15:36.872Z DEBUG 93219 --- [mtdpce-api] [           main] o.s.s.w.a.AnonymousAuthenticationFilter  : Set SecurityContextHolder to anonymous SecurityContext
2026-07-05T11:15:36.872Z DEBUG 93219 --- [mtdpce-api] [           main] o.s.security.web.FilterChainProxy        : Secured POST /api/auth/login
Hibernate: 
    select
        u1_0.id,
        u1_0.account_non_locked,
        u1_0.created_at,
        u1_0.department,
        u1_0.email,
        u1_0.enabled,
        u1_0.first_name,
        u1_0.last_login,
        u1_0.last_name,
        u1_0.password,
        u1_0.phone,
        u1_0.position,
        u1_0.profile_image,
        u1_0.updated_at,
        u1_0.username 
    from
        mtdpce.users u1_0 
    where
        u1_0.username=?
Hibernate: 
    select
        r1_0.user_id,
        r1_1.id,
        r1_1.description,
        r1_1.name 
    from
        mtdpce.user_roles r1_0 
    join
        mtdpce.roles r1_1 
            on r1_1.id=r1_0.role_id 
    where
        r1_0.user_id=?
2026-07-05T11:15:37.028Z DEBUG 93219 --- [mtdpce-api] [           main] o.s.s.a.dao.DaoAuthenticationProvider    : Authenticated user
2026-07-05T11:15:37.034Z DEBUG 93219 --- [mtdpce-api] [           main] o.s.security.web.FilterChainProxy        : Securing POST /api/v1/types
Hibernate: 
    update
        mtdpce.users 
    set
        account_non_locked=?,
        department=?,
        email=?,
        enabled=?,
        first_name=?,
        last_login=?,
        last_name=?,
        password=?,
        phone=?,
        position=?,
        profile_image=?,
        updated_at=?,
        username=? 
    where
        id=?
Hibernate: 
    select
        u1_0.id,
        u1_0.account_non_locked,
        u1_0.created_at,
        u1_0.department,
        u1_0.email,
        u1_0.enabled,
        u1_0.first_name,
        u1_0.last_login,
        u1_0.last_name,
        u1_0.password,
        u1_0.phone,
        u1_0.position,
        u1_0.profile_image,
        u1_0.updated_at,
        u1_0.username 
    from
        mtdpce.users u1_0 
    where
        u1_0.username=?
2026-07-05T11:15:37.048Z DEBUG 93219 --- [mtdpce-api] [           main] o.s.security.web.FilterChainProxy        : Secured POST /api/v1/types
]]></system-out>
  </testcase>
</testsuite>