<?xml version="1.0" encoding="UTF-8"?>
<testsuite xmlns:xsi="http://www.w3.org/2001/XMLSchema-instance" xsi:noNamespaceSchemaLocation="https://maven.apache.org/surefire/maven-surefire-plugin/xsd/surefire-test-report-3.0.xsd" version="3.0" name="bf.gov.mtdpce.SecurityAndRoleHierarchyIntegrationTest" time="0.753" tests="5" errors="0" skipped="0" failures="0">
  <properties>
[...]
</properties>
  <testcase name="superAdmin_canListUsers" classname="bf.gov.mtdpce.SecurityAndRoleHierarchyIntegrationTest" time="0.276">
    <system-out><![CDATA[2026-07-05T11:15:37.854Z  INFO 93219 --- [mtdpce-api] [           main] t.c.s.AnnotationConfigContextLoaderUtils : Could not detect default configuration classes for test class [bf.gov.mtdpce.SecurityAndRoleHierarchyIntegrationTest]: SecurityAndRoleHierarchyIntegrationTest does not declare any static, non-private, non-final, nested classes annotated with @Configuration.
2026-07-05T11:15:37.868Z  INFO 93219 --- [mtdpce-api] [           main] .b.t.c.SpringBootTestContextBootstrapper : Found @SpringBootConfiguration bf.gov.mtdpce.MtdpceApplication for test class bf.gov.mtdpce.SecurityAndRoleHierarchyIntegrationTest
2026-07-05T11:15:37.882Z DEBUG 93219 --- [mtdpce-api] [           main] o.s.security.web.FilterChainProxy        : Securing POST /api/auth/login
2026-07-05T11:15:37.882Z DEBUG 93219 --- [mtdpce-api] [           main] o.s.s.w.a.AnonymousAuthenticationFilter  : Set SecurityContextHolder to anonymous SecurityContext
2026-07-05T11:15:37.883Z DEBUG 93219 --- [mtdpce-api] [           main] o.s.security.web.FilterChainProxy        : Secured POST /api/auth/login
Hibernate: 
    select
        u1_0.id,
        u1_0.account_non_locked,
        u1_0.created_at,
        u1_0.department,
        u1_0.email,
        u1_0.enabled,
        u1_0.first_name,
        u1_0.last_login,
        u1_0.last_name,
        u1_0.password,
        u1_0.phone,
        u1_0.position,
        u1_0.profile_image,
        u1_0.updated_at,
        u1_0.username 
    from
        mtdpce.users u1_0 
    where
        u1_0.username=?
Hibernate: 
    select
        r1_0.user_id,
        r1_1.id,
        r1_1.description,
        r1_1.name 
    from
        mtdpce.user_roles r1_0 
    join
        mtdpce.roles r1_1 
            on r1_1.id=r1_0.role_id 
    where
        r1_0.user_id=?
2026-07-05T11:15:38.072Z DEBUG 93219 --- [mtdpce-api] [           main] o.s.s.a.dao.DaoAuthenticationProvider    : Authenticated user
2026-07-05T11:15:38.077Z DEBUG 93219 --- [mtdpce-api] [           main] o.s.security.web.FilterChainProxy        : Securing GET /api/v1/users
Hibernate: 
    update
        mtdpce.users 
    set
        account_non_locked=?,
        department=?,
        email=?,
        enabled=?,
        first_name=?,
        last_login=?,
        last_name=?,
        password=?,
        phone=?,
        position=?,
        profile_image=?,
        updated_at=?,
        username=? 
    where
        id=?
Hibernate: 
    select
        u1_0.id,
        u1_0.account_non_locked,
        u1_0.created_at,
        u1_0.department,
        u1_0.email,
        u1_0.enabled,
        u1_0.first_name,
        u1_0.last_login,
        u1_0.last_name,
        u1_0.password,
        u1_0.phone,
        u1_0.position,
        u1_0.profile_image,
        u1_0.updated_at,
        u1_0.username 
    from
        mtdpce.users u1_0 
    where
        u1_0.username=?
2026-07-05T11:15:38.085Z DEBUG 93219 --- [mtdpce-api] [           main] o.s.security.web.FilterChainProxy        : Secured GET /api/v1/users
2026-07-05T11:15:38.102Z DEBUG 93219 --- [mtdpce-api] [           main] horizationManagerBeforeMethodInterceptor : Authorizing method invocation ReflectiveMethodInvocation: public org.springframework.http.ResponseEntity bf.gov.mtdpce.controller.UserController.getAllUsers(int,int,java.lang.String,java.lang.String); target is of class [bf.gov.mtdpce.controller.UserController]
2026-07-05T11:15:38.103Z DEBUG 93219 --- [mtdpce-api] [           main] o.s.s.a.h.RoleHierarchyImpl              : getReachableGrantedAuthorities() - From the roles [ROLE_SUPER_ADMIN] one can reach [ROLE_USER, ROLE_ADMIN, ROLE_MODERATOR, ROLE_SUPER_ADMIN] in zero or more steps.
2026-07-05T11:15:38.104Z DEBUG 93219 --- [mtdpce-api] [           main] horizationManagerBeforeMethodInterceptor : Authorized method invocation ReflectiveMethodInvocation: public org.springframework.http.ResponseEntity bf.gov.mtdpce.controller.UserController.getAllUsers(int,int,java.lang.String,java.lang.String); target is of class [bf.gov.mtdpce.controller.UserController]
Hibernate: 
    select
        u1_0.id,
        u1_0.account_non_locked,
        u1_0.created_at,
        u1_0.department,
        u1_0.email,
        u1_0.enabled,
        u1_0.first_name,
        u1_0.last_login,
        u1_0.last_name,
        u1_0.password,
        u1_0.phone,
        u1_0.position,
        u1_0.profile_image,
        u1_0.updated_at,
        u1_0.username 
    from
        mtdpce.users u1_0 
    order by
        u1_0.created_at desc 
    offset
        ? rows 
    fetch
        first ? rows only
Hibernate: 
    select
        r1_0.user_id,
        r1_1.id,
        r1_1.description,
        r1_1.name 
    from
        mtdpce.user_roles r1_0 
    join
        mtdpce.roles r1_1 
            on r1_1.id=r1_0.role_id 
    where
        r1_0.user_id=?
Hibernate: 
    select
        r1_0.user_id,
        r1_1.id,
        r1_1.description,
        r1_1.name 
    from
        mtdpce.user_roles r1_0 
    join
        mtdpce.roles r1_1 
            on r1_1.id=r1_0.role_id 
    where
        r1_0.user_id=?
Hibernate: 
    select
        r1_0.user_id,
        r1_1.id,
        r1_1.description,
        r1_1.name 
    from
        mtdpce.user_roles r1_0 
    join
        mtdpce.roles r1_1 
            on r1_1.id=r1_0.role_id 
    where
        r1_0.user_id=?
Hibernate: 
    select
        r1_0.user_id,
        r1_1.id,
        r1_1.description,
        r1_1.name 
    from
        mtdpce.user_roles r1_0 
    join
        mtdpce.roles r1_1 
            on r1_1.id=r1_0.role_id 
    where
        r1_0.user_id=?
Hibernate: 
    select
        r1_0.user_id,
        r1_1.id,
        r1_1.description,
        r1_1.name 
    from
        mtdpce.user_roles r1_0 
    join
        mtdpce.roles r1_1 
            on r1_1.id=r1_0.role_id 
    where
        r1_0.user_id=?
Hibernate: 
    select
        r1_0.user_id,
        r1_1.id,
        r1_1.description,
        r1_1.name 
    from
        mtdpce.user_roles r1_0 
    join
        mtdpce.roles r1_1 
            on r1_1.id=r1_0.role_id 
    where
        r1_0.user_id=?
Hibernate: 
    select
        r1_0.user_id,
        r1_1.id,
        r1_1.description,
        r1_1.name 
    from
        mtdpce.user_roles r1_0 
    join
        mtdpce.roles r1_1 
            on r1_1.id=r1_0.role_id 
    where
        r1_0.user_id=?
Hibernate: 
    select
        r1_0.user_id,
        r1_1.id,
        r1_1.description,
        r1_1.name 
    from
        mtdpce.user_roles r1_0 
    join
        mtdpce.roles r1_1 
            on r1_1.id=r1_0.role_id 
    where
        r1_0.user_id=?
Hibernate: 
    select
        r1_0.user_id,
        r1_1.id,
        r1_1.description,
        r1_1.name 
    from
        mtdpce.user_roles r1_0 
    join
        mtdpce.roles r1_1 
            on r1_1.id=r1_0.role_id 
    where
        r1_0.user_id=?
Hibernate: 
    select
        count(u1_0.id) 
    from
        mtdpce.users u1_0
]]></system-out>
  </testcase>
  <testcase name="usersEndpoint_withoutToken_isUnauthorized" classname="bf.gov.mtdpce.SecurityAndRoleHierarchyIntegrationTest" time="0.017">
    <system-out><![CDATA[2026-07-05T11:15:38.160Z DEBUG 93219 --- [mtdpce-api] [           main] o.s.security.web.FilterChainProxy        : Securing GET /api/v1/users
2026-07-05T11:15:38.161Z DEBUG 93219 --- [mtdpce-api] [           main] o.s.s.w.a.AnonymousAuthenticationFilter  : Set SecurityContextHolder to anonymous SecurityContext
2026-07-05T11:15:38.162Z ERROR 93219 --- [mtdpce-api] [           main] b.gov.mtdpce.security.AuthEntryPointJwt  : Erreur non autorisée: Full authentication is required to access this resource
]]></system-out>
  </testcase>
  <testcase name="superAdmin_inheritsAdminRole_onFlashInfos" classname="bf.gov.mtdpce.SecurityAndRoleHierarchyIntegrationTest" time="0.208">
    <system-out><![CDATA[2026-07-05T11:15:38.179Z DEBUG 93219 --- [mtdpce-api] [           main] o.s.security.web.FilterChainProxy        : Securing POST /api/auth/login
2026-07-05T11:15:38.180Z DEBUG 93219 --- [mtdpce-api] [           main] o.s.s.w.a.AnonymousAuthenticationFilter  : Set SecurityContextHolder to anonymous SecurityContext
2026-07-05T11:15:38.181Z DEBUG 93219 --- [mtdpce-api] [           main] o.s.security.web.FilterChainProxy        : Secured POST /api/auth/login
Hibernate: 
    select
        u1_0.id,
        u1_0.account_non_locked,
        u1_0.created_at,
        u1_0.department,
        u1_0.email,
        u1_0.enabled,
        u1_0.first_name,
        u1_0.last_login,
        u1_0.last_name,
        u1_0.password,
        u1_0.phone,
        u1_0.position,
        u1_0.profile_image,
        u1_0.updated_at,
        u1_0.username 
    from
        mtdpce.users u1_0 
    where
        u1_0.username=?
Hibernate: 
    select
        r1_0.user_id,
        r1_1.id,
        r1_1.description,
        r1_1.name 
    from
        mtdpce.user_roles r1_0 
    join
        mtdpce.roles r1_1 
            on r1_1.id=r1_0.role_id 
    where
        r1_0.user_id=?
2026-07-05T11:15:38.339Z DEBUG 93219 --- [mtdpce-api] [           main] o.s.s.a.dao.DaoAuthenticationProvider    : Authenticated user
2026-07-05T11:15:38.344Z DEBUG 93219 --- [mtdpce-api] [           main] o.s.security.web.FilterChainProxy        : Securing GET /api/v1/flash-infos
Hibernate: 
    update
        mtdpce.users 
    set
        account_non_locked=?,
        department=?,
        email=?,
        enabled=?,
        first_name=?,
        last_login=?,
        last_name=?,
        password=?,
        phone=?,
        position=?,
        profile_image=?,
        updated_at=?,
        username=? 
    where
        id=?
Hibernate: 
    select
        u1_0.id,
        u1_0.account_non_locked,
        u1_0.created_at,
        u1_0.department,
        u1_0.email,
        u1_0.enabled,
        u1_0.first_name,
        u1_0.last_login,
        u1_0.last_name,
        u1_0.password,
        u1_0.phone,
        u1_0.position,
        u1_0.profile_image,
        u1_0.updated_at,
        u1_0.username 
    from
        mtdpce.users u1_0 
    where
        u1_0.username=?
2026-07-05T11:15:38.354Z DEBUG 93219 --- [mtdpce-api] [           main] o.s.security.web.FilterChainProxy        : Secured GET /api/v1/flash-infos
2026-07-05T11:15:38.355Z DEBUG 93219 --- [mtdpce-api] [           main] horizationManagerBeforeMethodInterceptor : Authorizing method invocation ReflectiveMethodInvocation: public org.springframework.http.ResponseEntity bf.gov.mtdpce.controller.FlashInfoController.getAllFlashInfos(int,int); target is of class [bf.gov.mtdpce.controller.FlashInfoController]
2026-07-05T11:15:38.356Z DEBUG 93219 --- [mtdpce-api] [           main] o.s.s.a.h.RoleHierarchyImpl              : getReachableGrantedAuthorities() - From the roles [ROLE_SUPER_ADMIN] one can reach [ROLE_USER, ROLE_ADMIN, ROLE_MODERATOR, ROLE_SUPER_ADMIN] in zero or more steps.
2026-07-05T11:15:38.356Z DEBUG 93219 --- [mtdpce-api] [           main] horizationManagerBeforeMethodInterceptor : Authorized method invocation ReflectiveMethodInvocation: public org.springframework.http.ResponseEntity bf.gov.mtdpce.controller.FlashInfoController.getAllFlashInfos(int,int); target is of class [bf.gov.mtdpce.controller.FlashInfoController]
Hibernate: 
    select
        fi1_0.id,
        fi1_0.content,
        fi1_0.created_at,
        fi1_0.created_by,
        fi1_0.end_date,
        fi1_0.is_active,
        fi1_0.link_text,
        fi1_0.link_url,
        fi1_0.priority,
        fi1_0.start_date,
        fi1_0.title,
        fi1_0.updated_at 
    from
        mtdpce.flash_infos fi1_0 
    where
        fi1_0.is_active 
    order by
        fi1_0.priority desc,
        fi1_0.created_at desc 
    offset
        ? rows 
    fetch
        first ? rows only
Hibernate: 
    select
        count(fi1_0.id) 
    from
        mtdpce.flash_infos fi1_0 
    where
        fi1_0.is_active
]]></system-out>
  </testcase>
  <testcase name="superAdmin_inheritsAdminRole_onFaqs" classname="bf.gov.mtdpce.SecurityAndRoleHierarchyIntegrationTest" time="0.206">
    <system-out><![CDATA[2026-07-05T11:15:38.387Z DEBUG 93219 --- [mtdpce-api] [           main] o.s.security.web.FilterChainProxy        : Securing POST /api/auth/login
2026-07-05T11:15:38.388Z DEBUG 93219 --- [mtdpce-api] [           main] o.s.s.w.a.AnonymousAuthenticationFilter  : Set SecurityContextHolder to anonymous SecurityContext
2026-07-05T11:15:38.388Z DEBUG 93219 --- [mtdpce-api] [           main] o.s.security.web.FilterChainProxy        : Secured POST /api/auth/login
Hibernate: 
    select
        u1_0.id,
        u1_0.account_non_locked,
        u1_0.created_at,
        u1_0.department,
        u1_0.email,
        u1_0.enabled,
        u1_0.first_name,
        u1_0.last_login,
        u1_0.last_name,
        u1_0.password,
        u1_0.phone,
        u1_0.position,
        u1_0.profile_image,
        u1_0.updated_at,
        u1_0.username 
    from
        mtdpce.users u1_0 
    where
        u1_0.username=?
Hibernate: 
    select
        r1_0.user_id,
        r1_1.id,
        r1_1.description,
        r1_1.name 
    from
        mtdpce.user_roles r1_0 
    join
        mtdpce.roles r1_1 
            on r1_1.id=r1_0.role_id 
    where
        r1_0.user_id=?
2026-07-05T11:15:38.554Z DEBUG 93219 --- [mtdpce-api] [           main] o.s.s.a.dao.DaoAuthenticationProvider    : Authenticated user
2026-07-05T11:15:38.558Z DEBUG 93219 --- [mtdpce-api] [           main] o.s.security.web.FilterChainProxy        : Securing GET /api/v1/faqs
Hibernate: 
    update
        mtdpce.users 
    set
        account_non_locked=?,
        department=?,
        email=?,
        enabled=?,
        first_name=?,
        last_login=?,
        last_name=?,
        password=?,
        phone=?,
        position=?,
        profile_image=?,
        updated_at=?,
        username=? 
    where
        id=?
Hibernate: 
    select
        u1_0.id,
        u1_0.account_non_locked,
        u1_0.created_at,
        u1_0.department,
        u1_0.email,
        u1_0.enabled,
        u1_0.first_name,
        u1_0.last_login,
        u1_0.last_name,
        u1_0.password,
        u1_0.phone,
        u1_0.position,
        u1_0.profile_image,
        u1_0.updated_at,
        u1_0.username 
    from
        mtdpce.users u1_0 
    where
        u1_0.username=?
2026-07-05T11:15:38.568Z DEBUG 93219 --- [mtdpce-api] [           main] o.s.security.web.FilterChainProxy        : Secured GET /api/v1/faqs
2026-07-05T11:15:38.569Z DEBUG 93219 --- [mtdpce-api] [           main] horizationManagerBeforeMethodInterceptor : Authorizing method invocation ReflectiveMethodInvocation: public org.springframework.http.ResponseEntity bf.gov.mtdpce.controller.FAQController.getAllFAQs(int,int); target is of class [bf.gov.mtdpce.controller.FAQController]
2026-07-05T11:15:38.570Z DEBUG 93219 --- [mtdpce-api] [           main] o.s.s.a.h.RoleHierarchyImpl              : getReachableGrantedAuthorities() - From the roles [ROLE_SUPER_ADMIN] one can reach [ROLE_USER, ROLE_ADMIN, ROLE_MODERATOR, ROLE_SUPER_ADMIN] in zero or more steps.
2026-07-05T11:15:38.570Z DEBUG 93219 --- [mtdpce-api] [           main] horizationManagerBeforeMethodInterceptor : Authorized method invocation ReflectiveMethodInvocation: public org.springframework.http.ResponseEntity bf.gov.mtdpce.controller.FAQController.getAllFAQs(int,int); target is of class [bf.gov.mtdpce.controller.FAQController]
Hibernate: 
    select
        f1_0.id,
        f1_0.answer,
        f1_0.category,
        f1_0.created_at,
        f1_0.display_order,
        f1_0.helpful_count,
        f1_0.is_published,
        f1_0.not_helpful_count,
        f1_0.question,
        f1_0.tags,
        f1_0.updated_at,
        f1_0.view_count 
    from
        mtdpce.faqs f1_0 
    where
        f1_0.is_published 
    order by
        f1_0.display_order 
    offset
        ? rows 
    fetch
        first ? rows only
]]></system-out>
  </testcase>
  <testcase name="protectedEndpoint_withoutToken_isUnauthorized" classname="bf.gov.mtdpce.SecurityAndRoleHierarchyIntegrationTest" time="0.013">
    <system-out><![CDATA[2026-07-05T11:15:38.596Z DEBUG 93219 --- [mtdpce-api] [           main] o.s.security.web.FilterChainProxy        : Securing GET /api/v1/faqs
2026-07-05T11:15:38.597Z DEBUG 93219 --- [mtdpce-api] [           main] o.s.s.w.a.AnonymousAuthenticationFilter  : Set SecurityContextHolder to anonymous SecurityContext
2026-07-05T11:15:38.598Z ERROR 93219 --- [mtdpce-api] [           main] b.gov.mtdpce.security.AuthEntryPointJwt  : Erreur non autorisée: Full authentication is required to access this resource
]]></system-out>
  </testcase>
</testsuite>