<?xml version="1.0" encoding="UTF-8"?>
<testsuite xmlns:xsi="http://www.w3.org/2001/XMLSchema-instance" xsi:noNamespaceSchemaLocation="https://maven.apache.org/surefire/maven-surefire-plugin/xsd/surefire-test-report-3.0.xsd" version="3.0" name="bf.gov.mtdpce.SearchIntegrationTest" time="0.526" tests="4" errors="0" skipped="0" failures="0">
  <properties>
[...]
</properties>
  <testcase name="search_tooShort_returnsEmpty" classname="bf.gov.mtdpce.SearchIntegrationTest" time="0.024">
    <system-out><![CDATA[2026-07-05T11:15:38.609Z  INFO 93219 --- [mtdpce-api] [           main] t.c.s.AnnotationConfigContextLoaderUtils : Could not detect default configuration classes for test class [bf.gov.mtdpce.SearchIntegrationTest]: SearchIntegrationTest does not declare any static, non-private, non-final, nested classes annotated with @Configuration.
2026-07-05T11:15:38.613Z  INFO 93219 --- [mtdpce-api] [           main] .b.t.c.SpringBootTestContextBootstrapper : Found @SpringBootConfiguration bf.gov.mtdpce.MtdpceApplication for test class bf.gov.mtdpce.SearchIntegrationTest
2026-07-05T11:15:38.624Z DEBUG 93219 --- [mtdpce-api] [           main] o.s.security.web.FilterChainProxy        : Securing GET /api/v1/public/search
2026-07-05T11:15:38.624Z DEBUG 93219 --- [mtdpce-api] [           main] o.s.s.w.a.AnonymousAuthenticationFilter  : Set SecurityContextHolder to anonymous SecurityContext
2026-07-05T11:15:38.624Z DEBUG 93219 --- [mtdpce-api] [           main] o.s.security.web.FilterChainProxy        : Secured GET /api/v1/public/search
]]></system-out>
  </testcase>
  <testcase name="search_returnsEnvelopeWithFacets" classname="bf.gov.mtdpce.SearchIntegrationTest" time="0.183">
    <system-out><![CDATA[2026-07-05T11:15:38.650Z DEBUG 93219 --- [mtdpce-api] [           main] o.s.security.web.FilterChainProxy        : Securing GET /api/v1/public/search
2026-07-05T11:15:38.651Z DEBUG 93219 --- [mtdpce-api] [           main] o.s.s.w.a.AnonymousAuthenticationFilter  : Set SecurityContextHolder to anonymous SecurityContext
2026-07-05T11:15:38.651Z DEBUG 93219 --- [mtdpce-api] [           main] o.s.security.web.FilterChainProxy        : Secured GET /api/v1/public/search
Hibernate: 
    select
        a1_0.id,
        a1_0.author_id,
        a1_0.category_id,
        a1_0.content,
        a1_0.created_at,
        a1_0.featured,
        a1_0.featured_image,
        a1_0.published_at,
        a1_0.status,
        a1_0.summary,
        a1_0.title,
        a1_0.updated_at,
        a1_0.view_count 
    from
        mtdpce.articles a1_0 
    where
        a1_0.status=? 
        and (
            lower(a1_0.title) like lower(('%'||?||'%')) escape '' 
            or lower(a1_0.summary) like lower(('%'||?||'%')) escape ''
        ) 
    offset
        ? rows 
    fetch
        first ? rows only
Hibernate: 
    select
        ac1_0.id,
        ac1_0.code,
        ac1_0.created_at,
        ac1_0.description,
        ac1_0.display_order,
        ac1_0.label,
        ac1_0.updated_at 
    from
        mtdpce.article_categories ac1_0 
    where
        ac1_0.id=?
Hibernate: 
    select
        ac1_0.id,
        ac1_0.code,
        ac1_0.created_at,
        ac1_0.description,
        ac1_0.display_order,
        ac1_0.label,
        ac1_0.updated_at 
    from
        mtdpce.article_categories ac1_0 
    where
        ac1_0.id=?
Hibernate: 
    select
        ac1_0.id,
        ac1_0.code,
        ac1_0.created_at,
        ac1_0.description,
        ac1_0.display_order,
        ac1_0.label,
        ac1_0.updated_at 
    from
        mtdpce.article_categories ac1_0 
    where
        ac1_0.id=?
Hibernate: 
    select
        ac1_0.id,
        ac1_0.code,
        ac1_0.created_at,
        ac1_0.description,
        ac1_0.display_order,
        ac1_0.label,
        ac1_0.updated_at 
    from
        mtdpce.article_categories ac1_0 
    where
        ac1_0.id=?
Hibernate: 
    select
        p1_0.id,
        p1_0.budget,
        p1_0.created_at,
        p1_0.description,
        p1_0.end_date,
        p1_0.featured_image,
        p1_0.manager_id,
        p1_0.name,
        p1_0.objectives,
        p1_0.partner,
        p1_0.progress_percentage,
        p1_0.projet_categorie_id,
        p1_0.responsible_department,
        p1_0.start_date,
        p1_0.status,
        p1_0.type,
        p1_0.updated_at 
    from
        mtdpce.projects p1_0 
    where
        lower(p1_0.name) like lower(('%'||?||'%')) escape '' 
        or lower(p1_0.description) like lower(('%'||?||'%')) escape '' 
    offset
        ? rows 
    fetch
        first ? rows only
Hibernate: 
    select
        d1_0.id,
        d1_0.category,
        d1_0.created_at,
        d1_0.description,
        d1_0.download_count,
        d1_0.file_name,
        d1_0.file_path,
        d1_0.file_size,
        d1_0.file_type,
        d1_0.is_public,
        d1_0.title,
        d1_0.type_id,
        d1_0.typedocument,
        d1_0.updated_at,
        d1_0.uploaded_by 
    from
        mtdpce.documents d1_0 
    where
        d1_0.is_public=true 
        and (
            lower(d1_0.title) like lower(('%'||?||'%')) escape '' 
            or lower(d1_0.description) like lower(('%'||?||'%')) escape ''
        ) 
    offset
        ? rows 
    fetch
        first ? rows only
Hibernate: 
    select
        a1_0.id,
        a1_0.author_id,
        a1_0.content,
        a1_0.created_at,
        a1_0.date_publication,
        a1_0.lieux,
        a1_0.published_at,
        a1_0.status,
        a1_0.summary,
        a1_0.title,
        a1_0.updated_at 
    from
        mtdpce.agenda a1_0 
    where
        a1_0.status=? 
        and (
            lower(a1_0.title) like lower(('%'||?||'%')) escape '' 
            or lower(a1_0.summary) like lower(('%'||?||'%')) escape ''
        ) 
    offset
        ? rows 
    fetch
        first ? rows only
Hibernate: 
    select
        e1_0.id,
        e1_0.category,
        e1_0.content,
        e1_0.created_at,
        e1_0.created_by,
        e1_0.current_participants,
        e1_0.description,
        e1_0.end_date,
        e1_0.image_url,
        e1_0.is_public,
        e1_0.location,
        e1_0.max_participants,
        e1_0.registration_required,
        e1_0.start_date,
        e1_0.status,
        e1_0.statut,
        e1_0.title,
        e1_0.updated_at 
    from
        mtdpce.events e1_0 
    where
        e1_0.is_public=true 
        and (
            lower(e1_0.title) like lower(('%'||?||'%')) escape '' 
            or lower(e1_0.description) like lower(('%'||?||'%')) escape ''
        ) 
    offset
        ? rows 
    fetch
        first ? rows only
Hibernate: 
    select
        s1_0.id,
        s1_0.created_at,
        s1_0.description,
        s1_0.logo,
        s1_0.name,
        s1_0.updated_at,
        s1_0.url 
    from
        mtdpce.services s1_0
Hibernate: 
    select
        f1_0.id,
        f1_0.answer,
        f1_0.category,
        f1_0.created_at,
        f1_0.display_order,
        f1_0.helpful_count,
        f1_0.is_published,
        f1_0.not_helpful_count,
        f1_0.question,
        f1_0.tags,
        f1_0.updated_at,
        f1_0.view_count 
    from
        mtdpce.faqs f1_0 
    where
        f1_0.is_published=true 
        and (
            lower(f1_0.question) like lower(('%'||?||'%')) escape '' 
            or lower(f1_0.answer) like lower(('%'||?||'%')) escape ''
        ) 
    offset
        ? rows 
    fetch
        first ? rows only
]]></system-out>
  </testcase>
  <testcase name="search_hasSuggestionsArray" classname="bf.gov.mtdpce.SearchIntegrationTest" time="0.175">
    <system-out><![CDATA[2026-07-05T11:15:38.834Z DEBUG 93219 --- [mtdpce-api] [           main] o.s.security.web.FilterChainProxy        : Securing GET /api/v1/public/search
2026-07-05T11:15:38.834Z DEBUG 93219 --- [mtdpce-api] [           main] o.s.s.w.a.AnonymousAuthenticationFilter  : Set SecurityContextHolder to anonymous SecurityContext
2026-07-05T11:15:38.835Z DEBUG 93219 --- [mtdpce-api] [           main] o.s.security.web.FilterChainProxy        : Secured GET /api/v1/public/search
Hibernate: 
    select
        a1_0.id,
        a1_0.author_id,
        a1_0.category_id,
        a1_0.content,
        a1_0.created_at,
        a1_0.featured,
        a1_0.featured_image,
        a1_0.published_at,
        a1_0.status,
        a1_0.summary,
        a1_0.title,
        a1_0.updated_at,
        a1_0.view_count 
    from
        mtdpce.articles a1_0 
    where
        a1_0.status=? 
        and (
            lower(a1_0.title) like lower(('%'||?||'%')) escape '' 
            or lower(a1_0.summary) like lower(('%'||?||'%')) escape ''
        ) 
    offset
        ? rows 
    fetch
        first ? rows only
Hibernate: 
    select
        p1_0.id,
        p1_0.budget,
        p1_0.created_at,
        p1_0.description,
        p1_0.end_date,
        p1_0.featured_image,
        p1_0.manager_id,
        p1_0.name,
        p1_0.objectives,
        p1_0.partner,
        p1_0.progress_percentage,
        p1_0.projet_categorie_id,
        p1_0.responsible_department,
        p1_0.start_date,
        p1_0.status,
        p1_0.type,
        p1_0.updated_at 
    from
        mtdpce.projects p1_0 
    where
        lower(p1_0.name) like lower(('%'||?||'%')) escape '' 
        or lower(p1_0.description) like lower(('%'||?||'%')) escape '' 
    offset
        ? rows 
    fetch
        first ? rows only
Hibernate: 
    select
        d1_0.id,
        d1_0.category,
        d1_0.created_at,
        d1_0.description,
        d1_0.download_count,
        d1_0.file_name,
        d1_0.file_path,
        d1_0.file_size,
        d1_0.file_type,
        d1_0.is_public,
        d1_0.title,
        d1_0.type_id,
        d1_0.typedocument,
        d1_0.updated_at,
        d1_0.uploaded_by 
    from
        mtdpce.documents d1_0 
    where
        d1_0.is_public=true 
        and (
            lower(d1_0.title) like lower(('%'||?||'%')) escape '' 
            or lower(d1_0.description) like lower(('%'||?||'%')) escape ''
        ) 
    offset
        ? rows 
    fetch
        first ? rows only
Hibernate: 
    select
        a1_0.id,
        a1_0.author_id,
        a1_0.content,
        a1_0.created_at,
        a1_0.date_publication,
        a1_0.lieux,
        a1_0.published_at,
        a1_0.status,
        a1_0.summary,
        a1_0.title,
        a1_0.updated_at 
    from
        mtdpce.agenda a1_0 
    where
        a1_0.status=? 
        and (
            lower(a1_0.title) like lower(('%'||?||'%')) escape '' 
            or lower(a1_0.summary) like lower(('%'||?||'%')) escape ''
        ) 
    offset
        ? rows 
    fetch
        first ? rows only
Hibernate: 
    select
        e1_0.id,
        e1_0.category,
        e1_0.content,
        e1_0.created_at,
        e1_0.created_by,
        e1_0.current_participants,
        e1_0.description,
        e1_0.end_date,
        e1_0.image_url,
        e1_0.is_public,
        e1_0.location,
        e1_0.max_participants,
        e1_0.registration_required,
        e1_0.start_date,
        e1_0.status,
        e1_0.statut,
        e1_0.title,
        e1_0.updated_at 
    from
        mtdpce.events e1_0 
    where
        e1_0.is_public=true 
        and (
            lower(e1_0.title) like lower(('%'||?||'%')) escape '' 
            or lower(e1_0.description) like lower(('%'||?||'%')) escape ''
        ) 
    offset
        ? rows 
    fetch
        first ? rows only
Hibernate: 
    select
        s1_0.id,
        s1_0.created_at,
        s1_0.description,
        s1_0.logo,
        s1_0.name,
        s1_0.updated_at,
        s1_0.url 
    from
        mtdpce.services s1_0
Hibernate: 
    select
        f1_0.id,
        f1_0.answer,
        f1_0.category,
        f1_0.created_at,
        f1_0.display_order,
        f1_0.helpful_count,
        f1_0.is_published,
        f1_0.not_helpful_count,
        f1_0.question,
        f1_0.tags,
        f1_0.updated_at,
        f1_0.view_count 
    from
        mtdpce.faqs f1_0 
    where
        f1_0.is_published=true 
        and (
            lower(f1_0.question) like lower(('%'||?||'%')) escape '' 
            or lower(f1_0.answer) like lower(('%'||?||'%')) escape ''
        ) 
    offset
        ? rows 
    fetch
        first ? rows only
Hibernate: 
    select
        a1_0.id,
        a1_0.author_id,
        a1_0.category_id,
        a1_0.content,
        a1_0.created_at,
        a1_0.featured,
        a1_0.featured_image,
        a1_0.published_at,
        a1_0.status,
        a1_0.summary,
        a1_0.title,
        a1_0.updated_at,
        a1_0.view_count 
    from
        mtdpce.articles a1_0 
    where
        a1_0.status=? 
    offset
        ? rows 
    fetch
        first ? rows only
Hibernate: 
    select
        ac1_0.id,
        ac1_0.code,
        ac1_0.created_at,
        ac1_0.description,
        ac1_0.display_order,
        ac1_0.label,
        ac1_0.updated_at 
    from
        mtdpce.article_categories ac1_0 
    where
        ac1_0.id=?
Hibernate: 
    select
        ac1_0.id,
        ac1_0.code,
        ac1_0.created_at,
        ac1_0.description,
        ac1_0.display_order,
        ac1_0.label,
        ac1_0.updated_at 
    from
        mtdpce.article_categories ac1_0 
    where
        ac1_0.id=?
Hibernate: 
    select
        ac1_0.id,
        ac1_0.code,
        ac1_0.created_at,
        ac1_0.description,
        ac1_0.display_order,
        ac1_0.label,
        ac1_0.updated_at 
    from
        mtdpce.article_categories ac1_0 
    where
        ac1_0.id=?
Hibernate: 
    select
        ac1_0.id,
        ac1_0.code,
        ac1_0.created_at,
        ac1_0.description,
        ac1_0.display_order,
        ac1_0.label,
        ac1_0.updated_at 
    from
        mtdpce.article_categories ac1_0 
    where
        ac1_0.id=?
Hibernate: 
    select
        ac1_0.id,
        ac1_0.code,
        ac1_0.created_at,
        ac1_0.description,
        ac1_0.display_order,
        ac1_0.label,
        ac1_0.updated_at 
    from
        mtdpce.article_categories ac1_0 
    where
        ac1_0.id=?
Hibernate: 
    select
        ac1_0.id,
        ac1_0.code,
        ac1_0.created_at,
        ac1_0.description,
        ac1_0.display_order,
        ac1_0.label,
        ac1_0.updated_at 
    from
        mtdpce.article_categories ac1_0 
    where
        ac1_0.id=?
Hibernate: 
    select
        p1_0.id,
        p1_0.budget,
        p1_0.created_at,
        p1_0.description,
        p1_0.end_date,
        p1_0.featured_image,
        p1_0.manager_id,
        p1_0.name,
        p1_0.objectives,
        p1_0.partner,
        p1_0.progress_percentage,
        p1_0.projet_categorie_id,
        p1_0.responsible_department,
        p1_0.start_date,
        p1_0.status,
        p1_0.type,
        p1_0.updated_at 
    from
        mtdpce.projects p1_0 
    offset
        ? rows 
    fetch
        first ? rows only
Hibernate: 
    select
        e1_0.id,
        e1_0.category,
        e1_0.content,
        e1_0.created_at,
        e1_0.created_by,
        e1_0.current_participants,
        e1_0.description,
        e1_0.end_date,
        e1_0.image_url,
        e1_0.is_public,
        e1_0.location,
        e1_0.max_participants,
        e1_0.registration_required,
        e1_0.start_date,
        e1_0.status,
        e1_0.statut,
        e1_0.title,
        e1_0.updated_at 
    from
        mtdpce.events e1_0 
    where
        e1_0.is_public 
    order by
        e1_0.start_date desc 
    offset
        ? rows 
    fetch
        first ? rows only
Hibernate: 
    select
        f1_0.id,
        f1_0.answer,
        f1_0.category,
        f1_0.created_at,
        f1_0.display_order,
        f1_0.helpful_count,
        f1_0.is_published,
        f1_0.not_helpful_count,
        f1_0.question,
        f1_0.tags,
        f1_0.updated_at,
        f1_0.view_count 
    from
        mtdpce.faqs f1_0 
    where
        f1_0.is_published 
    order by
        f1_0.display_order 
    offset
        ? rows 
    fetch
        first ? rows only
]]></system-out>
  </testcase>
  <testcase name="search_isPublic" classname="bf.gov.mtdpce.SearchIntegrationTest" time="0.125">
    <system-out><![CDATA[2026-07-05T11:15:39.012Z DEBUG 93219 --- [mtdpce-api] [           main] o.s.security.web.FilterChainProxy        : Securing GET /api/v1/public/search
2026-07-05T11:15:39.012Z DEBUG 93219 --- [mtdpce-api] [           main] o.s.s.w.a.AnonymousAuthenticationFilter  : Set SecurityContextHolder to anonymous SecurityContext
2026-07-05T11:15:39.013Z DEBUG 93219 --- [mtdpce-api] [           main] o.s.security.web.FilterChainProxy        : Secured GET /api/v1/public/search
Hibernate: 
    select
        a1_0.id,
        a1_0.author_id,
        a1_0.category_id,
        a1_0.content,
        a1_0.created_at,
        a1_0.featured,
        a1_0.featured_image,
        a1_0.published_at,
        a1_0.status,
        a1_0.summary,
        a1_0.title,
        a1_0.updated_at,
        a1_0.view_count 
    from
        mtdpce.articles a1_0 
    where
        a1_0.status=? 
        and (
            lower(a1_0.title) like lower(('%'||?||'%')) escape '' 
            or lower(a1_0.summary) like lower(('%'||?||'%')) escape ''
        ) 
    offset
        ? rows 
    fetch
        first ? rows only
Hibernate: 
    select
        p1_0.id,
        p1_0.budget,
        p1_0.created_at,
        p1_0.description,
        p1_0.end_date,
        p1_0.featured_image,
        p1_0.manager_id,
        p1_0.name,
        p1_0.objectives,
        p1_0.partner,
        p1_0.progress_percentage,
        p1_0.projet_categorie_id,
        p1_0.responsible_department,
        p1_0.start_date,
        p1_0.status,
        p1_0.type,
        p1_0.updated_at 
    from
        mtdpce.projects p1_0 
    where
        lower(p1_0.name) like lower(('%'||?||'%')) escape '' 
        or lower(p1_0.description) like lower(('%'||?||'%')) escape '' 
    offset
        ? rows 
    fetch
        first ? rows only
Hibernate: 
    select
        d1_0.id,
        d1_0.category,
        d1_0.created_at,
        d1_0.description,
        d1_0.download_count,
        d1_0.file_name,
        d1_0.file_path,
        d1_0.file_size,
        d1_0.file_type,
        d1_0.is_public,
        d1_0.title,
        d1_0.type_id,
        d1_0.typedocument,
        d1_0.updated_at,
        d1_0.uploaded_by 
    from
        mtdpce.documents d1_0 
    where
        d1_0.is_public=true 
        and (
            lower(d1_0.title) like lower(('%'||?||'%')) escape '' 
            or lower(d1_0.description) like lower(('%'||?||'%')) escape ''
        ) 
    offset
        ? rows 
    fetch
        first ? rows only
Hibernate: 
    select
        a1_0.id,
        a1_0.author_id,
        a1_0.content,
        a1_0.created_at,
        a1_0.date_publication,
        a1_0.lieux,
        a1_0.published_at,
        a1_0.status,
        a1_0.summary,
        a1_0.title,
        a1_0.updated_at 
    from
        mtdpce.agenda a1_0 
    where
        a1_0.status=? 
        and (
            lower(a1_0.title) like lower(('%'||?||'%')) escape '' 
            or lower(a1_0.summary) like lower(('%'||?||'%')) escape ''
        ) 
    offset
        ? rows 
    fetch
        first ? rows only
Hibernate: 
    select
        e1_0.id,
        e1_0.category,
        e1_0.content,
        e1_0.created_at,
        e1_0.created_by,
        e1_0.current_participants,
        e1_0.description,
        e1_0.end_date,
        e1_0.image_url,
        e1_0.is_public,
        e1_0.location,
        e1_0.max_participants,
        e1_0.registration_required,
        e1_0.start_date,
        e1_0.status,
        e1_0.statut,
        e1_0.title,
        e1_0.updated_at 
    from
        mtdpce.events e1_0 
    where
        e1_0.is_public=true 
        and (
            lower(e1_0.title) like lower(('%'||?||'%')) escape '' 
            or lower(e1_0.description) like lower(('%'||?||'%')) escape ''
        ) 
    offset
        ? rows 
    fetch
        first ? rows only
Hibernate: 
    select
        s1_0.id,
        s1_0.created_at,
        s1_0.description,
        s1_0.logo,
        s1_0.name,
        s1_0.updated_at,
        s1_0.url 
    from
        mtdpce.services s1_0
Hibernate: 
    select
        f1_0.id,
        f1_0.answer,
        f1_0.category,
        f1_0.created_at,
        f1_0.display_order,
        f1_0.helpful_count,
        f1_0.is_published,
        f1_0.not_helpful_count,
        f1_0.question,
        f1_0.tags,
        f1_0.updated_at,
        f1_0.view_count 
    from
        mtdpce.faqs f1_0 
    where
        f1_0.is_published=true 
        and (
            lower(f1_0.question) like lower(('%'||?||'%')) escape '' 
            or lower(f1_0.answer) like lower(('%'||?||'%')) escape ''
        ) 
    offset
        ? rows 
    fetch
        first ? rows only
Hibernate: 
    select
        a1_0.id,
        a1_0.author_id,
        a1_0.category_id,
        a1_0.content,
        a1_0.created_at,
        a1_0.featured,
        a1_0.featured_image,
        a1_0.published_at,
        a1_0.status,
        a1_0.summary,
        a1_0.title,
        a1_0.updated_at,
        a1_0.view_count 
    from
        mtdpce.articles a1_0 
    where
        a1_0.status=? 
    offset
        ? rows 
    fetch
        first ? rows only
Hibernate: 
    select
        ac1_0.id,
        ac1_0.code,
        ac1_0.created_at,
        ac1_0.description,
        ac1_0.display_order,
        ac1_0.label,
        ac1_0.updated_at 
    from
        mtdpce.article_categories ac1_0 
    where
        ac1_0.id=?
Hibernate: 
    select
        ac1_0.id,
        ac1_0.code,
        ac1_0.created_at,
        ac1_0.description,
        ac1_0.display_order,
        ac1_0.label,
        ac1_0.updated_at 
    from
        mtdpce.article_categories ac1_0 
    where
        ac1_0.id=?
Hibernate: 
    select
        ac1_0.id,
        ac1_0.code,
        ac1_0.created_at,
        ac1_0.description,
        ac1_0.display_order,
        ac1_0.label,
        ac1_0.updated_at 
    from
        mtdpce.article_categories ac1_0 
    where
        ac1_0.id=?
Hibernate: 
    select
        ac1_0.id,
        ac1_0.code,
        ac1_0.created_at,
        ac1_0.description,
        ac1_0.display_order,
        ac1_0.label,
        ac1_0.updated_at 
    from
        mtdpce.article_categories ac1_0 
    where
        ac1_0.id=?
Hibernate: 
    select
        ac1_0.id,
        ac1_0.code,
        ac1_0.created_at,
        ac1_0.description,
        ac1_0.display_order,
        ac1_0.label,
        ac1_0.updated_at 
    from
        mtdpce.article_categories ac1_0 
    where
        ac1_0.id=?
Hibernate: 
    select
        ac1_0.id,
        ac1_0.code,
        ac1_0.created_at,
        ac1_0.description,
        ac1_0.display_order,
        ac1_0.label,
        ac1_0.updated_at 
    from
        mtdpce.article_categories ac1_0 
    where
        ac1_0.id=?
Hibernate: 
    select
        p1_0.id,
        p1_0.budget,
        p1_0.created_at,
        p1_0.description,
        p1_0.end_date,
        p1_0.featured_image,
        p1_0.manager_id,
        p1_0.name,
        p1_0.objectives,
        p1_0.partner,
        p1_0.progress_percentage,
        p1_0.projet_categorie_id,
        p1_0.responsible_department,
        p1_0.start_date,
        p1_0.status,
        p1_0.type,
        p1_0.updated_at 
    from
        mtdpce.projects p1_0 
    offset
        ? rows 
    fetch
        first ? rows only
Hibernate: 
    select
        e1_0.id,
        e1_0.category,
        e1_0.content,
        e1_0.created_at,
        e1_0.created_by,
        e1_0.current_participants,
        e1_0.description,
        e1_0.end_date,
        e1_0.image_url,
        e1_0.is_public,
        e1_0.location,
        e1_0.max_participants,
        e1_0.registration_required,
        e1_0.start_date,
        e1_0.status,
        e1_0.statut,
        e1_0.title,
        e1_0.updated_at 
    from
        mtdpce.events e1_0 
    where
        e1_0.is_public 
    order by
        e1_0.start_date desc 
    offset
        ? rows 
    fetch
        first ? rows only
Hibernate: 
    select
        f1_0.id,
        f1_0.answer,
        f1_0.category,
        f1_0.created_at,
        f1_0.display_order,
        f1_0.helpful_count,
        f1_0.is_published,
        f1_0.not_helpful_count,
        f1_0.question,
        f1_0.tags,
        f1_0.updated_at,
        f1_0.view_count 
    from
        mtdpce.faqs f1_0 
    where
        f1_0.is_published 
    order by
        f1_0.display_order 
    offset
        ? rows 
    fetch
        first ? rows only
]]></system-out>
  </testcase>
</testsuite>